2018-03-27 16:15:25,256 INFO 15176 [egg:logger] init all loggers with options: {"dir":"c:\\Users\\ChrisProsise\\Desktop\\高校师资信息管理系统\\TIMS\\logs","encoding":"utf8","env":"prod","level":"INFO","consoleLevel":"DEBUG","disableConsoleAfterReady":true,"outputJSON":false,"buffer":true,"appLogName":"TIMS-web.log","coreLogName":"egg-web.log","agentLogName":"egg-agent.log","errorLogName":"common-error.log","coreLogger":{},"allowDebugAtProd":true,"type":"application"}
2018-03-27 16:15:25,321 INFO 15176 [egg-schedule]: register schedule c:\Users\ChrisProsise\Desktop\高校师资信息管理系统\TIMS\node_modules\egg-logrotator\app\schedule\clean_log.js
2018-03-27 16:15:25,322 INFO 15176 [egg-schedule]: register schedule c:\Users\ChrisProsise\Desktop\高校师资信息管理系统\TIMS\node_modules\egg-logrotator\app\schedule\rotate_by_file.js
2018-03-27 16:15:25,404 INFO 15176 [egg-static] starting static serve /public/ -> c:\Users\ChrisProsise\Desktop\高校师资信息管理系统\TIMS\public
2018-03-27 16:15:25,411 INFO 15176 [egg-security] use csrf middleware
2018-03-27 16:15:25,413 INFO 15176 [egg-security] use methodnoallow middleware
2018-03-27 16:15:25,414 INFO 15176 [egg-security] use noopen middleware
2018-03-27 16:15:25,415 INFO 15176 [egg-security] use nosniff middleware
2018-03-27 16:15:25,418 INFO 15176 [egg-security] use xssProtection middleware
2018-03-27 16:15:25,419 INFO 15176 [egg-security] use xframe middleware
2018-03-27 16:15:25,420 INFO 15176 [egg-security] use dta middleware
2018-03-27 16:15:25,421 INFO 15176 [egg-security] compose 7 middlewares into one security middleware
2018-03-27 16:15:25,487 INFO 15176 [egg-watcher:app] watcher start success
2018-03-27 16:15:25,261 INFO 7192 [egg:logger] init all loggers with options: {"dir":"c:\\Users\\ChrisProsise\\Desktop\\高校师资信息管理系统\\TIMS\\logs","encoding":"utf8","env":"prod","level":"INFO","consoleLevel":"DEBUG","disableConsoleAfterReady":true,"outputJSON":false,"buffer":true,"appLogName":"TIMS-web.log","coreLogName":"egg-web.log","agentLogName":"egg-agent.log","errorLogName":"common-error.log","coreLogger":{},"allowDebugAtProd":true,"type":"application"}
2018-03-27 16:15:25,326 INFO 7192 [egg-schedule]: register schedule c:\Users\ChrisProsise\Desktop\高校师资信息管理系统\TIMS\node_modules\egg-logrotator\app\schedule\clean_log.js
2018-03-27 16:15:25,327 INFO 7192 [egg-schedule]: register schedule c:\Users\ChrisProsise\Desktop\高校师资信息管理系统\TIMS\node_modules\egg-logrotator\app\schedule\rotate_by_file.js
2018-03-27 16:15:25,428 INFO 7192 [egg-static] starting static serve /public/ -> c:\Users\ChrisProsise\Desktop\高校师资信息管理系统\TIMS\public
2018-03-27 16:15:25,436 INFO 7192 [egg-security] use csrf middleware
2018-03-27 16:15:25,438 INFO 7192 [egg-security] use methodnoallow middleware
2018-03-27 16:15:25,439 INFO 7192 [egg-security] use noopen middleware
2018-03-27 16:15:25,440 INFO 7192 [egg-security] use nosniff middleware
2018-03-27 16:15:25,442 INFO 7192 [egg-security] use xssProtection middleware
2018-03-27 16:15:25,444 INFO 7192 [egg-security] use xframe middleware
2018-03-27 16:15:25,445 INFO 7192 [egg-security] use dta middleware
2018-03-27 16:15:25,445 INFO 7192 [egg-security] compose 7 middlewares into one security middleware
2018-03-27 16:15:25,534 INFO 7192 [egg-watcher:app] watcher start success
2018-03-27 16:15:25,318 INFO 8844 [egg:logger] init all loggers with options: {"dir":"c:\\Users\\ChrisProsise\\Desktop\\高校师资信息管理系统\\TIMS\\logs","encoding":"utf8","env":"prod","level":"INFO","consoleLevel":"DEBUG","disableConsoleAfterReady":true,"outputJSON":false,"buffer":true,"appLogName":"TIMS-web.log","coreLogName":"egg-web.log","agentLogName":"egg-agent.log","errorLogName":"common-error.log","coreLogger":{},"allowDebugAtProd":true,"type":"application"}
2018-03-27 16:15:25,397 INFO 8844 [egg-schedule]: register schedule c:\Users\ChrisProsise\Desktop\高校师资信息管理系统\TIMS\node_modules\egg-logrotator\app\schedule\clean_log.js
2018-03-27 16:15:25,405 INFO 8844 [egg-schedule]: register schedule c:\Users\ChrisProsise\Desktop\高校师资信息管理系统\TIMS\node_modules\egg-logrotator\app\schedule\rotate_by_file.js
2018-03-27 16:15:25,511 INFO 8844 [egg-static] starting static serve /public/ -> c:\Users\ChrisProsise\Desktop\高校师资信息管理系统\TIMS\public
2018-03-27 16:15:25,523 INFO 8844 [egg-security] use csrf middleware
2018-03-27 16:15:25,525 INFO 8844 [egg-security] use methodnoallow middleware
2018-03-27 16:15:25,526 INFO 8844 [egg-security] use noopen middleware
2018-03-27 16:15:25,527 INFO 8844 [egg-security] use nosniff middleware
2018-03-27 16:15:25,528 INFO 8844 [egg-security] use xssProtection middleware
2018-03-27 16:15:25,529 INFO 8844 [egg-security] use xframe middleware
2018-03-27 16:15:25,530 INFO 8844 [egg-security] use dta middleware
2018-03-27 16:15:25,531 INFO 8844 [egg-security] compose 7 middlewares into one security middleware
2018-03-27 16:15:25,583 INFO 8844 [egg-watcher:app] watcher start success
2018-03-27 16:15:25,420 INFO 11132 [egg:logger] init all loggers with options: {"dir":"c:\\Users\\ChrisProsise\\Desktop\\高校师资信息管理系统\\TIMS\\logs","encoding":"utf8","env":"prod","level":"INFO","consoleLevel":"DEBUG","disableConsoleAfterReady":true,"outputJSON":false,"buffer":true,"appLogName":"TIMS-web.log","coreLogName":"egg-web.log","agentLogName":"egg-agent.log","errorLogName":"common-error.log","coreLogger":{},"allowDebugAtProd":true,"type":"application"}
2018-03-27 16:15:25,556 INFO 11132 [egg-schedule]: register schedule c:\Users\ChrisProsise\Desktop\高校师资信息管理系统\TIMS\node_modules\egg-logrotator\app\schedule\clean_log.js
2018-03-27 16:15:25,557 INFO 11132 [egg-schedule]: register schedule c:\Users\ChrisProsise\Desktop\高校师资信息管理系统\TIMS\node_modules\egg-logrotator\app\schedule\rotate_by_file.js
2018-03-27 16:15:25,643 INFO 11132 [egg-static] starting static serve /public/ -> c:\Users\ChrisProsise\Desktop\高校师资信息管理系统\TIMS\public
2018-03-27 16:15:25,649 INFO 11132 [egg-security] use csrf middleware
2018-03-27 16:15:25,651 INFO 11132 [egg-security] use methodnoallow middleware
2018-03-27 16:15:25,653 INFO 11132 [egg-security] use noopen middleware
2018-03-27 16:15:25,654 INFO 11132 [egg-security] use nosniff middleware
2018-03-27 16:15:25,655 INFO 11132 [egg-security] use xssProtection middleware
2018-03-27 16:15:25,656 INFO 11132 [egg-security] use xframe middleware
2018-03-27 16:15:25,657 INFO 11132 [egg-security] use dta middleware
2018-03-27 16:15:25,658 INFO 11132 [egg-security] compose 7 middlewares into one security middleware
2018-03-27 16:15:25,695 INFO 11132 [egg-watcher:app] watcher start success
2018-03-27 16:21:39,622 INFO 14312 [egg:logger] init all loggers with options: {"dir":"C:\\Users\\ChrisProsise\\Desktop\\高校师资信息管理系统\\TIMS\\logs","encoding":"utf8","env":"prod","level":"INFO","consoleLevel":"DEBUG","disableConsoleAfterReady":true,"outputJSON":false,"buffer":true,"appLogName":"TIMS-web.log","coreLogName":"egg-web.log","agentLogName":"egg-agent.log","errorLogName":"common-error.log","coreLogger":{},"allowDebugAtProd":true,"type":"application"}
2018-03-27 16:21:39,668 INFO 14312 [egg-schedule]: register schedule C:\Users\ChrisProsise\Desktop\高校师资信息管理系统\TIMS\node_modules\egg-logrotator\app\schedule\clean_log.js
2018-03-27 16:21:39,670 INFO 14312 [egg-schedule]: register schedule C:\Users\ChrisProsise\Desktop\高校师资信息管理系统\TIMS\node_modules\egg-logrotator\app\schedule\rotate_by_file.js
2018-03-27 16:21:39,746 INFO 14312 [egg-static] starting static serve /public/ -> C:\Users\ChrisProsise\Desktop\高校师资信息管理系统\TIMS\public
2018-03-27 16:21:39,751 INFO 14312 [egg-security] use csrf middleware
2018-03-27 16:21:39,753 INFO 14312 [egg-security] use methodnoallow middleware
2018-03-27 16:21:39,753 INFO 14312 [egg-security] use noopen middleware
2018-03-27 16:21:39,754 INFO 14312 [egg-security] use nosniff middleware
2018-03-27 16:21:39,755 INFO 14312 [egg-security] use xssProtection middleware
2018-03-27 16:21:39,756 INFO 14312 [egg-security] use xframe middleware
2018-03-27 16:21:39,757 INFO 14312 [egg-security] use dta middleware
2018-03-27 16:21:39,759 INFO 14312 [egg-security] compose 7 middlewares into one security middleware
2018-03-27 16:21:39,800 INFO 14312 [egg-watcher:app] watcher start success
2018-03-27 16:21:39,623 INFO 1840 [egg:logger] init all loggers with options: {"dir":"C:\\Users\\ChrisProsise\\Desktop\\高校师资信息管理系统\\TIMS\\logs","encoding":"utf8","env":"prod","level":"INFO","consoleLevel":"DEBUG","disableConsoleAfterReady":true,"outputJSON":false,"buffer":true,"appLogName":"TIMS-web.log","coreLogName":"egg-web.log","agentLogName":"egg-agent.log","errorLogName":"common-error.log","coreLogger":{},"allowDebugAtProd":true,"type":"application"}
2018-03-27 16:21:39,672 INFO 1840 [egg-schedule]: register schedule C:\Users\ChrisProsise\Desktop\高校师资信息管理系统\TIMS\node_modules\egg-logrotator\app\schedule\clean_log.js
2018-03-27 16:21:39,677 INFO 1840 [egg-schedule]: register schedule C:\Users\ChrisProsise\Desktop\高校师资信息管理系统\TIMS\node_modules\egg-logrotator\app\schedule\rotate_by_file.js
2018-03-27 16:21:39,758 INFO 1840 [egg-static] starting static serve /public/ -> C:\Users\ChrisProsise\Desktop\高校师资信息管理系统\TIMS\public
2018-03-27 16:21:39,762 INFO 1840 [egg-security] use csrf middleware
2018-03-27 16:21:39,763 INFO 1840 [egg-security] use methodnoallow middleware
2018-03-27 16:21:39,764 INFO 1840 [egg-security] use noopen middleware
2018-03-27 16:21:39,765 INFO 1840 [egg-security] use nosniff middleware
2018-03-27 16:21:39,768 INFO 1840 [egg-security] use xssProtection middleware
2018-03-27 16:21:39,769 INFO 1840 [egg-security] use xframe middleware
2018-03-27 16:21:39,769 INFO 1840 [egg-security] use dta middleware
2018-03-27 16:21:39,770 INFO 1840 [egg-security] compose 7 middlewares into one security middleware
2018-03-27 16:21:39,819 INFO 1840 [egg-watcher:app] watcher start success
2018-03-27 16:21:39,623 INFO 15276 [egg:logger] init all loggers with options: {"dir":"C:\\Users\\ChrisProsise\\Desktop\\高校师资信息管理系统\\TIMS\\logs","encoding":"utf8","env":"prod","level":"INFO","consoleLevel":"DEBUG","disableConsoleAfterReady":true,"outputJSON":false,"buffer":true,"appLogName":"TIMS-web.log","coreLogName":"egg-web.log","agentLogName":"egg-agent.log","errorLogName":"common-error.log","coreLogger":{},"allowDebugAtProd":true,"type":"application"}
2018-03-27 16:21:39,678 INFO 15276 [egg-schedule]: register schedule C:\Users\ChrisProsise\Desktop\高校师资信息管理系统\TIMS\node_modules\egg-logrotator\app\schedule\clean_log.js
2018-03-27 16:21:39,678 INFO 15276 [egg-schedule]: register schedule C:\Users\ChrisProsise\Desktop\高校师资信息管理系统\TIMS\node_modules\egg-logrotator\app\schedule\rotate_by_file.js
2018-03-27 16:21:39,742 INFO 15276 [egg-static] starting static serve /public/ -> C:\Users\ChrisProsise\Desktop\高校师资信息管理系统\TIMS\public
2018-03-27 16:21:39,748 INFO 15276 [egg-security] use csrf middleware
2018-03-27 16:21:39,749 INFO 15276 [egg-security] use methodnoallow middleware
2018-03-27 16:21:39,750 INFO 15276 [egg-security] use noopen middleware
2018-03-27 16:21:39,751 INFO 15276 [egg-security] use nosniff middleware
2018-03-27 16:21:39,753 INFO 15276 [egg-security] use xssProtection middleware
2018-03-27 16:21:39,754 INFO 15276 [egg-security] use xframe middleware
2018-03-27 16:21:39,755 INFO 15276 [egg-security] use dta middleware
2018-03-27 16:21:39,758 INFO 15276 [egg-security] compose 7 middlewares into one security middleware
2018-03-27 16:21:39,800 INFO 15276 [egg-watcher:app] watcher start success
2018-03-27 16:21:39,653 INFO 3944 [egg:logger] init all loggers with options: {"dir":"C:\\Users\\ChrisProsise\\Desktop\\高校师资信息管理系统\\TIMS\\logs","encoding":"utf8","env":"prod","level":"INFO","consoleLevel":"DEBUG","disableConsoleAfterReady":true,"outputJSON":false,"buffer":true,"appLogName":"TIMS-web.log","coreLogName":"egg-web.log","agentLogName":"egg-agent.log","errorLogName":"common-error.log","coreLogger":{},"allowDebugAtProd":true,"type":"application"}
2018-03-27 16:21:39,704 INFO 3944 [egg-schedule]: register schedule C:\Users\ChrisProsise\Desktop\高校师资信息管理系统\TIMS\node_modules\egg-logrotator\app\schedule\clean_log.js
2018-03-27 16:21:39,705 INFO 3944 [egg-schedule]: register schedule C:\Users\ChrisProsise\Desktop\高校师资信息管理系统\TIMS\node_modules\egg-logrotator\app\schedule\rotate_by_file.js
2018-03-27 16:21:39,774 INFO 3944 [egg-static] starting static serve /public/ -> C:\Users\ChrisProsise\Desktop\高校师资信息管理系统\TIMS\public
2018-03-27 16:21:39,811 INFO 3944 [egg-security] use csrf middleware
2018-03-27 16:21:39,814 INFO 3944 [egg-security] use methodnoallow middleware
2018-03-27 16:21:39,814 INFO 3944 [egg-security] use noopen middleware
2018-03-27 16:21:39,815 INFO 3944 [egg-security] use nosniff middleware
2018-03-27 16:21:39,816 INFO 3944 [egg-security] use xssProtection middleware
2018-03-27 16:21:39,817 INFO 3944 [egg-security] use xframe middleware
2018-03-27 16:21:39,817 INFO 3944 [egg-security] use dta middleware
2018-03-27 16:21:39,818 INFO 3944 [egg-security] compose 7 middlewares into one security middleware
2018-03-27 16:21:39,857 INFO 3944 [egg-watcher:app] watcher start success
